[0.010s] Invoking command in '/home/lxf/æ¡Œé¢/ROS/6.Thread/build/cpp_pkg': CMAKE_PREFIX_PATH=/opt/ros/humble /usr/bin/cmake --build /home/lxf/æ¡Œé¢/ROS/6.Thread/build/cpp_pkg -- -j16 -l16
[0.019s] [0mCMake Deprecation Warning at CMakeLists.txt:1 (cmake_minimum_required):
[0.019s]   Compatibility with CMake < 3.10 will be removed from a future version of
[0.019s]   CMake.
[0.019s] 
[0.019s]   Update the VERSION argument <min> value.  Or, use the <min>...<max> syntax
[0.019s]   to tell CMake that the project requires at least <min> but has been updated
[0.019s]   to work with policies introduced by <max> or earlier.
[0.019s] 
[0.019s] [0m
[0.023s] -- Found ament_cmake: 1.3.12 (/opt/ros/humble/share/ament_cmake/cmake)
[0.160s] -- Found rclcpp: 16.0.15 (/opt/ros/humble/share/rclcpp/cmake)
[0.182s] -- Found rosidl_generator_c: 3.1.7 (/opt/ros/humble/share/rosidl_generator_c/cmake)
[0.183s] -- Found rosidl_adapter: 3.1.7 (/opt/ros/humble/share/rosidl_adapter/cmake)
[0.187s] -- Found rosidl_generator_cpp: 3.1.7 (/opt/ros/humble/share/rosidl_generator_cpp/cmake)
[0.194s] -- Using all available rosidl_typesupport_c: rosidl_typesupport_fastrtps_c;rosidl_typesupport_introspection_c
[0.204s] -- Using all available rosidl_typesupport_cpp: rosidl_typesupport_fastrtps_cpp;rosidl_typesupport_introspection_cpp
[0.231s] -- Found rmw_implementation_cmake: 6.1.2 (/opt/ros/humble/share/rmw_implementation_cmake/cmake)
[0.231s] -- Found rmw_fastrtps_cpp: 6.2.9 (/opt/ros/humble/share/rmw_fastrtps_cpp/cmake)
[0.308s] -- Using RMW implementation 'rmw_fastrtps_cpp' as default
[0.352s] -- Found ament_lint_auto: 0.12.14 (/opt/ros/humble/share/ament_lint_auto/cmake)
[0.415s] -- Added test 'cppcheck' to perform static code analysis on C / C++ code
[0.415s] -- Configured cppcheck include dirs: /home/lxf/æ¡Œé¢/ROS/6.Thread/src/cpp_pkg/include
[0.416s] -- Configured cppcheck exclude dirs and/or files: 
[0.416s] -- Added test 'lint_cmake' to check CMake code style
[0.416s] -- Added test 'uncrustify' to check C / C++ code style
[0.417s] -- Configured uncrustify additional arguments: 
[0.417s] -- Added test 'xmllint' to check XML markup files
[0.417s] -- Configuring done (0.4s)
[0.448s] -- Generating done (0.0s)
[0.453s] -- Build files have been written to: /home/lxf/æ¡Œé¢/ROS/6.Thread/build/cpp_pkg
[0.470s] [  7%] [32mBuilding CXX object CMakeFiles/learn_thread.dir/src/learn_thread.cpp.o[0m
[0.471s] [ 21%] Built target learn_auto
[0.473s] [ 35%] Built target learn_shared_ptr
[0.473s] [ 50%] Built target learn_function
[0.474s] [ 64%] Built target learn_lambda
[0.474s] [ 78%] Built target cpp_node
[0.475s] [ 92%] Built target person_node
[0.522s] [01m[K/home/lxf/æ¡Œé¢/ROS/6.Thread/src/cpp_pkg/src/learn_thread.cpp:5:10:[m[K [01;31m[Kfatal error: [m[Kcpp-httplib/httplib.h: æ²¡æœ‰é‚£ä¸ªæ–‡ä»¶æˆ–ç›®å½•
[0.522s]     5 | #include [01;31m[K<cpp-httplib/httplib.h>[m[K //ç½‘ç»œä¸‹è½½ç›¸å…³
[0.522s]       |          [01;31m[K^~~~~~~~~~~~~~~~~~~~~~~[m[K
[0.522s] compilation terminated.
[0.534s] gmake[2]: *** [CMakeFiles/learn_thread.dir/build.make:79ï¼šCMakeFiles/learn_thread.dir/src/learn_thread.cpp.o] é”™è¯¯ 1
[0.534s] gmake[1]: *** [CMakeFiles/Makefile2:363ï¼šCMakeFiles/learn_thread.dir/all] é”™è¯¯ 2
[0.534s] gmake: *** [Makefile:146ï¼šall] é”™è¯¯ 2
[0.536s] Invoked command in '/home/lxf/æ¡Œé¢/ROS/6.Thread/build/cpp_pkg' returned '2': CMAKE_PREFIX_PATH=/opt/ros/humble /usr/bin/cmake --build /home/lxf/æ¡Œé¢/ROS/6.Thread/build/cpp_pkg -- -j16 -l16
