[0.009s] Invoking command in '/home/lxf/æ¡Œé¢/ROS/6.Thread/build/cpp_pkg': CMAKE_PREFIX_PATH=/opt/ros/humble /usr/bin/cmake --build /home/lxf/æ¡Œé¢/ROS/6.Thread/build/cpp_pkg -- -j16 -l16
[0.042s] [  7%] [32mBuilding CXX object CMakeFiles/learn_thread.dir/src/learn_thread.cpp.o[0m
[0.043s] [ 21%] Built target learn_function
[0.043s] [ 35%] Built target learn_auto
[0.045s] [ 50%] Built target learn_lambda
[0.046s] [ 64%] Built target learn_shared_ptr
[0.048s] [ 78%] Built target cpp_node
[0.053s] [ 92%] Built target person_node
[0.105s] [01m[K/home/lxf/æ¡Œé¢/ROS/6.Thread/src/cpp_pkg/src/learn_thread.cpp:5:10:[m[K [01;31m[Kfatal error: [m[Kcpp-httplib/httplib.h: æ²¡æœ‰é‚£ä¸ªæ–‡ä»¶æˆ–ç›®å½•
[0.105s]     5 | #include [01;31m[K<cpp-httplib/httplib.h>[m[K //ç½‘ç»œä¸‹è½½ç›¸å…³
[0.105s]       |          [01;31m[K^~~~~~~~~~~~~~~~~~~~~~~[m[K
[0.105s] compilation terminated.
[0.115s] gmake[2]: *** [CMakeFiles/learn_thread.dir/build.make:79ï¼šCMakeFiles/learn_thread.dir/src/learn_thread.cpp.o] é”™è¯¯ 1
[0.115s] gmake[1]: *** [CMakeFiles/Makefile2:363ï¼šCMakeFiles/learn_thread.dir/all] é”™è¯¯ 2
[0.115s] gmake: *** [Makefile:146ï¼šall] é”™è¯¯ 2
[0.193s] Invoked command in '/home/lxf/æ¡Œé¢/ROS/6.Thread/build/cpp_pkg' returned '2': CMAKE_PREFIX_PATH=/opt/ros/humble /usr/bin/cmake --build /home/lxf/æ¡Œé¢/ROS/6.Thread/build/cpp_pkg -- -j16 -l16
